0 info it worked if it ends with ok
1 verbose cli [ '/home/hugo/.nvm/versions/node/v5.0.0/bin/node',
1 verbose cli   '/home/hugo/.nvm/versions/node/v5.0.0/bin/npm',
1 verbose cli   'run',
1 verbose cli   'open:src' ]
2 info using npm@3.3.6
3 info using node@v5.0.0
4 verbose run-script [ 'preopen:src', 'open:src', 'postopen:src' ]
5 info lifecycle APIPSADMIN@0.3.0~preopen:src: APIPSADMIN@0.3.0
6 silly lifecycle APIPSADMIN@0.3.0~preopen:src: no script for preopen:src, continuing
7 info lifecycle APIPSADMIN@0.3.0~open:src: APIPSADMIN@0.3.0
8 verbose lifecycle APIPSADMIN@0.3.0~open:src: unsafe-perm in lifecycle true
9 verbose lifecycle APIPSADMIN@0.3.0~open:src: PATH: /home/hugo/.nvm/versions/node/v5.0.0/lib/node_modules/npm/bin/node-gyp-bin:/home/hugo/Documents/Repos/CRM/admin/node_modules/.bin:/home/hugo/.nvm/versions/node/v5.0.0/lib/node_modules/npm/bin/node-gyp-bin:/home/hugo/Documents/Repos/CRM/admin/node_modules/.bin:/home/hugo/bin:/home/hugo/.nvm/versions/node/v5.0.0/bin:/home/hugo/bin:/usr/local/sbin:/usr/local/bin:/usr/sbin:/usr/bin:/sbin:/bin:/usr/games:/usr/local/games:/snap/bin:/opt/android-sdk/tools:/opt/android-sdk/platform-tools:/opt/node/bin:/snap/bin:/opt/android-sdk/tools:/opt/android-sdk/platform-tools:/opt/node/bin
10 verbose lifecycle APIPSADMIN@0.3.0~open:src: CWD: /home/hugo/Documents/Repos/CRM/admin
11 silly lifecycle APIPSADMIN@0.3.0~open:src: Args: [ '-c', 'babel-node tools/srcServer.js' ]
12 silly lifecycle APIPSADMIN@0.3.0~open:src: Returned: code: 137  signal: null
13 info lifecycle APIPSADMIN@0.3.0~open:src: Failed to exec open:src script
14 verbose stack Error: APIPSADMIN@0.3.0 open:src: `babel-node tools/srcServer.js`
14 verbose stack Exit status 137
14 verbose stack     at EventEmitter.<anonymous> (/home/hugo/.nvm/versions/node/v5.0.0/lib/node_modules/npm/lib/utils/lifecycle.js:233:16)
14 verbose stack     at emitTwo (events.js:87:13)
14 verbose stack     at EventEmitter.emit (events.js:172:7)
14 verbose stack     at ChildProcess.<anonymous> (/home/hugo/.nvm/versions/node/v5.0.0/lib/node_modules/npm/lib/utils/spawn.js:24:14)
14 verbose stack     at emitTwo (events.js:87:13)
14 verbose stack     at ChildProcess.emit (events.js:172:7)
14 verbose stack     at maybeClose (internal/child_process.js:818:16)
14 verbose stack     at Process.ChildProcess._handle.onexit (internal/child_process.js:211:5)
15 verbose pkgid APIPSADMIN@0.3.0
16 verbose cwd /home/hugo/Documents/Repos/CRM/admin
17 error Linux 4.4.0-53-generic
18 error argv "/home/hugo/.nvm/versions/node/v5.0.0/bin/node" "/home/hugo/.nvm/versions/node/v5.0.0/bin/npm" "run" "open:src"
19 error node v5.0.0
20 error npm  v3.3.6
21 error code ELIFECYCLE
22 error APIPSADMIN@0.3.0 open:src: `babel-node tools/srcServer.js`
22 error Exit status 137
23 error Failed at the APIPSADMIN@0.3.0 open:src script 'babel-node tools/srcServer.js'.
23 error This is most likely a problem with the APIPSADMIN package,
23 error not with npm itself.
23 error Tell the author that this fails on your system:
23 error     babel-node tools/srcServer.js
23 error You can get their info via:
23 error     npm owner ls APIPSADMIN
23 error There is likely additional logging output above.
24 verbose exit [ 1, true ]
